<?xml version="1.0" encoding="utf-8"?>
<rss version="2.0" xmlns:sparkle="http://www.andymatuschak.org/xml-namespaces/sparkle">
    <channel>
        <title>Debt Now App - Appcast</title>
        <item>
            <title>Version 1.0.1</title>
            <description>Minor updates and improvements.</description>
            <pubDate>Sat, 26 Jul 2014 15:20:11 +0000</pubDate>
            
            <enclosure 
                url="https://play.google.com/store/apps/details?id=com.android.chrome"
                sparkle:version="1.0.1" 
                sparkle:os="android"
            />
            
            <sparkle:version>1.0.1</sparkle:version>

            <sparkle:tags> 
                <sparkle:criticalUpdate /> 
            </sparkle:tags> 
        </item>

        <item>
            <title>Version 1.0.1</title>
            <description>Minor updates and improvements.</description>
            <pubDate>Sat, 26 Jul 2014 15:20:11 +0000</pubDate>
            
            <enclosure 
                url="https://apps.apple.com/app/id/com.moonwink.treasury" 
                sparkle:version="1.0.1" 
                sparkle:os="iOS"
            />
            
            <sparkle:version>1.0.1</sparkle:version>

            <sparkle:tags> 
                <sparkle:criticalUpdate /> 
            </sparkle:tags> 
        </item>
    </channel>
</rss>
